Fullførte status_scriptet.sh på Tue Feb 21 12:30:01 CET 2023
Fullførte status_scriptet.sh på Tue Feb 21 12:45:01 CET 2023
Fullførte status_scriptet.sh på Tue Feb 21 13:00:01 CET 2023
Fullførte status_scriptet.sh på Tue Feb 21 13:15:01 CET 2023
Fullførte status_scriptet.sh på Tue Feb 21 13:30:01 CET 2023
Fullførte status_scriptet.sh på Tue Feb 21 13:45:01 CET 2023
Fullførte status_scriptet.sh på Tue Feb 21 14:00:01 CET 2023
Fullførte status_scriptet.sh på Tue Feb 21 14:15:01 CET 2023
Fullførte status_scriptet.sh på Tue Feb 21 14:30:01 CET 2023
Fullførte status_scriptet.sh på Tue Feb 21 14:45:01 CET 2023
Fullførte status_scriptet.sh på Tue Feb 21 15:00:01 CET 2023
Fullførte status_scriptet.sh på Tue Feb 21 15:15:01 CET 2023
Fullførte status_scriptet.sh på Tue Feb 21 15:30:01 CET 2023
Fullførte status_scriptet.sh på Tue Feb 21 15:45:01 CET 2023
Fullførte status_scriptet.sh på Tue Feb 21 16:00:01 CET 2023
Fullførte status_scriptet.sh på Tue Feb 21 16:15:01 CET 2023
Fullførte status_scriptet.sh på Tue Feb 21 16:30:01 CET 2023
Fullførte status_scriptet.sh på Tue Feb 21 16:45:01 CET 2023
Fullførte status_scriptet.sh på Tue Feb 21 17:00:02 CET 2023
Fullførte status_scriptet.sh på Tue Feb 21 17:15:01 CET 2023
Fullførte status_scriptet.sh på Tue Feb 21 17:30:01 CET 2023
Fullførte status_scriptet.sh på Tue Feb 21 17:45:01 CET 2023
Fullførte status_scriptet.sh på Tue Feb 21 18:00:01 CET 2023
Fullførte status_scriptet.sh på Tue Feb 21 18:15:02 CET 2023
Fullførte status_scriptet.sh på Tue Feb 21 18:30:01 CET 2023
Fullførte status_scriptet.sh på Tue Feb 21 18:45:01 CET 2023
Fullførte status_scriptet.sh på Tue Feb 21 19:00:01 CET 2023
Fullførte status_scriptet.sh på Tue Feb 21 19:15:02 CET 2023
Fullførte status_scriptet.sh på Tue Feb 21 19:30:01 CET 2023
Fullførte status_scriptet.sh på Tue Feb 21 19:45:01 CET 2023
Fullførte status_scriptet.sh på Tue Feb 21 20:00:01 CET 2023
Fullførte status_scriptet.sh på Tue Feb 21 20:15:01 CET 2023
Fullførte status_scriptet.sh på Tue Feb 21 20:30:01 CET 2023
Fullførte status_scriptet.sh på Tue Feb 21 20:45:01 CET 2023
Fullførte status_scriptet.sh på Tue Feb 21 21:00:01 CET 2023
Fullførte status_scriptet.sh på Tue Feb 21 21:15:01 CET 2023
Fullførte status_scriptet.sh på Tue Feb 21 21:30:01 CET 2023
Fullførte status_scriptet.sh på Tue Feb 21 21:45:01 CET 2023
Fullførte status_scriptet.sh på Tue Feb 21 22:00:01 CET 2023
Fullførte status_scriptet.sh på Tue Feb 21 22:15:01 CET 2023
Fullførte status_scriptet.sh på Tue Feb 21 22:30:01 CET 2023
Fullførte status_scriptet.sh på Tue Feb 21 22:45:01 CET 2023
Fullførte status_scriptet.sh på Tue Feb 21 23:00:01 CET 2023
Fullførte status_scriptet.sh på Tue Feb 21 23:15:02 CET 2023
Fullførte status_scriptet.sh på Tue Feb 21 23:30:01 CET 2023
Fullførte status_scriptet.sh på Tue Feb 21 23:45:01 CET 2023
Fullførte status_scriptet.sh på Wed Feb 22 00:00:01 CET 2023
Fullførte status_scriptet.sh på Wed Feb 22 00:15:01 CET 2023
Fullførte status_scriptet.sh på Wed Feb 22 00:30:01 CET 2023
Fullførte status_scriptet.sh på Wed Feb 22 00:45:01 CET 2023
Fullførte status_scriptet.sh på Wed Feb 22 01:00:01 CET 2023
Fullførte status_scriptet.sh på Wed Feb 22 01:15:01 CET 2023
Fullførte status_scriptet.sh på Wed Feb 22 01:30:01 CET 2023
Fullførte status_scriptet.sh på Wed Feb 22 01:45:01 CET 2023
Fullførte status_scriptet.sh på Wed Feb 22 02:00:01 CET 2023
Fullførte status_scriptet.sh på Wed Feb 22 02:15:01 CET 2023
Fullførte status_scriptet.sh på Wed Feb 22 02:30:01 CET 2023
Fullførte status_scriptet.sh på Wed Feb 22 02:45:01 CET 2023
Fullførte status_scriptet.sh på Wed Feb 22 03:00:01 CET 2023
Fullførte status_scriptet.sh på Wed Feb 22 03:15:01 CET 2023
Fullførte status_scriptet.sh på Wed Feb 22 03:30:01 CET 2023
Fullførte status_scriptet.sh på Wed Feb 22 03:45:01 CET 2023
Fullførte status_scriptet.sh på Wed Feb 22 04:00:01 CET 2023
Fullførte status_scriptet.sh på Wed Feb 22 04:15:01 CET 2023
Fullførte status_scriptet.sh på Wed Feb 22 04:30:01 CET 2023
Fullførte status_scriptet.sh på Wed Feb 22 04:45:01 CET 2023
Fullførte status_scriptet.sh på Wed Feb 22 05:00:01 CET 2023
Fullførte status_scriptet.sh på Wed Feb 22 05:15:01 CET 2023
Fullførte status_scriptet.sh på Wed Feb 22 05:30:01 CET 2023
Fullførte status_scriptet.sh på Wed Feb 22 05:45:01 CET 2023
Fullførte status_scriptet.sh på Wed Feb 22 06:00:01 CET 2023
Fullførte status_scriptet.sh på Wed Feb 22 06:15:01 CET 2023
Fullførte status_scriptet.sh på Wed Feb 22 06:30:01 CET 2023
Fullførte status_scriptet.sh på Wed Feb 22 06:45:01 CET 2023
Fullførte status_scriptet.sh på Wed Feb 22 07:00:01 CET 2023
Fullførte status_scriptet.sh på Wed Feb 22 07:15:01 CET 2023
Fullførte status_scriptet.sh på Wed Feb 22 07:30:01 CET 2023
Fullførte status_scriptet.sh på Wed Feb 22 07:45:01 CET 2023
Fullførte status_scriptet.sh på Wed Feb 22 08:00:01 CET 2023
Fullførte status_scriptet.sh på Wed Feb 22 08:15:01 CET 2023
Fullførte status_scriptet.sh på Wed Feb 22 08:30:01 CET 2023
Fullførte status_scriptet.sh på Wed Feb 22 08:45:01 CET 2023
Fullførte status_scriptet.sh på Wed Feb 22 09:00:01 CET 2023
Fullførte status_scriptet.sh på Wed Feb 22 09:15:01 CET 2023
Fullførte status_scriptet.sh på Wed Feb 22 09:30:01 CET 2023
Fullførte status_scriptet.sh på Wed Feb 22 09:45:01 CET 2023
Fullførte status_scriptet.sh på Wed Feb 22 10:00:01 CET 2023
Fullførte status_scriptet.sh på Wed Feb 22 10:15:01 CET 2023
Fullførte status_scriptet.sh på Wed Feb 22 10:30:01 CET 2023
Fullførte status_scriptet.sh på Wed Feb 22 10:45:01 CET 2023
Fullførte status_scriptet.sh på Wed Feb 22 11:00:01 CET 2023
Fullførte status_scriptet.sh på Wed Feb 22 11:15:01 CET 2023
Fullførte status_scriptet.sh på Wed Feb 22 11:30:01 CET 2023
Fullførte status_scriptet.sh på Wed Feb 22 11:45:01 CET 2023
Fullførte status_scriptet.sh på Wed Feb 22 12:00:01 CET 2023
Fullførte status_scriptet.sh på Wed Feb 22 12:15:01 CET 2023
Fullførte status_scriptet.sh på Wed Feb 22 12:30:01 CET 2023
Fullførte status_scriptet.sh på Wed Feb 22 12:45:01 CET 2023
Fullførte status_scriptet.sh på Wed Feb 22 13:00:01 CET 2023
Fullførte status_scriptet.sh på Wed Feb 22 13:15:01 CET 2023
Fullførte status_scriptet.sh på Wed Feb 22 13:30:01 CET 2023
Fullførte status_scriptet.sh på Wed Feb 22 13:45:01 CET 2023
Fullførte status_scriptet.sh på Wed Feb 22 14:00:01 CET 2023
Fullførte status_scriptet.sh på Wed Feb 22 14:15:01 CET 2023
Fullførte status_scriptet.sh på Wed Feb 22 14:30:01 CET 2023
Fullførte status_scriptet.sh på Wed Feb 22 14:45:01 CET 2023
Fullførte status_scriptet.sh på Wed Feb 22 15:00:01 CET 2023
Fullførte status_scriptet.sh på Wed Feb 22 15:15:01 CET 2023
Fullførte status_scriptet.sh på Wed Feb 22 15:30:01 CET 2023
Fullførte status_scriptet.sh på Wed Feb 22 15:45:01 CET 2023
Fullførte status_scriptet.sh på Wed Feb 22 16:00:01 CET 2023
Fullførte status_scriptet.sh på Wed Feb 22 16:15:01 CET 2023
Fullførte status_scriptet.sh på Wed Feb 22 16:30:01 CET 2023
Fullførte status_scriptet.sh på Wed Feb 22 16:45:01 CET 2023
Fullførte status_scriptet.sh på Wed Feb 22 17:00:01 CET 2023
Fullførte status_scriptet.sh på Wed Feb 22 17:15:01 CET 2023
Fullførte status_scriptet.sh på Wed Feb 22 17:30:01 CET 2023
Fullførte status_scriptet.sh på Wed Feb 22 17:45:01 CET 2023
Fullførte status_scriptet.sh på Wed Feb 22 18:00:01 CET 2023
Fullførte status_scriptet.sh på Wed Feb 22 18:15:01 CET 2023
Fullførte status_scriptet.sh på Wed Feb 22 18:30:01 CET 2023
Fullførte status_scriptet.sh på Wed Feb 22 18:45:01 CET 2023
Fullførte status_scriptet.sh på Wed Feb 22 19:00:01 CET 2023
Fullførte status_scriptet.sh på Wed Feb 22 19:15:01 CET 2023
Fullførte status_scriptet.sh på Wed Feb 22 19:30:01 CET 2023
Fullførte status_scriptet.sh på Wed Feb 22 19:45:01 CET 2023
Fullførte status_scriptet.sh på Wed Feb 22 20:00:01 CET 2023
Fullførte status_scriptet.sh på Wed Feb 22 20:15:01 CET 2023
Fullførte status_scriptet.sh på Wed Feb 22 20:30:01 CET 2023
Fullførte status_scriptet.sh på Wed Feb 22 20:45:02 CET 2023
Fullførte status_scriptet.sh på Wed Feb 22 21:00:01 CET 2023
Fullførte status_scriptet.sh på Wed Feb 22 21:15:01 CET 2023
Fullførte status_scriptet.sh på Wed Feb 22 21:30:01 CET 2023
Fullførte status_scriptet.sh på Wed Feb 22 21:45:01 CET 2023
Fullførte status_scriptet.sh på Wed Feb 22 22:00:01 CET 2023
Fullførte status_scriptet.sh på Wed Feb 22 22:15:01 CET 2023
Fullførte status_scriptet.sh på Wed Feb 22 22:30:01 CET 2023
Fullførte status_scriptet.sh på Wed Feb 22 22:45:01 CET 2023
Fullførte status_scriptet.sh på Wed Feb 22 23:00:01 CET 2023
Fullførte status_scriptet.sh på Wed Feb 22 23:15:01 CET 2023
Fullførte status_scriptet.sh på Wed Feb 22 23:30:01 CET 2023
Fullførte status_scriptet.sh på Wed Feb 22 23:45:01 CET 2023
Fullførte status_scriptet.sh på Thu Feb 23 00:00:01 CET 2023
Fullførte status_scriptet.sh på Thu Feb 23 00:15:01 CET 2023
Fullførte status_scriptet.sh på Thu Feb 23 00:30:01 CET 2023
Fullførte status_scriptet.sh på Thu Feb 23 00:45:01 CET 2023
Fullførte status_scriptet.sh på Thu Feb 23 01:00:01 CET 2023
Fullførte status_scriptet.sh på Thu Feb 23 01:15:01 CET 2023
Fullførte status_scriptet.sh på Thu Feb 23 01:30:01 CET 2023
Fullførte status_scriptet.sh på Thu Feb 23 01:45:01 CET 2023
Fullførte status_scriptet.sh på Thu Feb 23 02:00:01 CET 2023
Fullførte status_scriptet.sh på Thu Feb 23 02:15:01 CET 2023
Fullførte status_scriptet.sh på Thu Feb 23 02:30:01 CET 2023
Fullførte status_scriptet.sh på Thu Feb 23 02:45:01 CET 2023
Fullførte status_scriptet.sh på Thu Feb 23 03:00:01 CET 2023
Fullførte status_scriptet.sh på Thu Feb 23 03:15:01 CET 2023
Fullførte status_scriptet.sh på Thu Feb 23 03:30:01 CET 2023
Fullførte status_scriptet.sh på Thu Feb 23 03:45:01 CET 2023
Fullførte status_scriptet.sh på Thu Feb 23 04:00:01 CET 2023
Fullførte status_scriptet.sh på Thu Feb 23 04:15:01 CET 2023
Fullførte status_scriptet.sh på Thu Feb 23 04:30:01 CET 2023
Fullførte status_scriptet.sh på Thu Feb 23 04:45:01 CET 2023
Fullførte status_scriptet.sh på Thu Feb 23 05:00:01 CET 2023
Fullførte status_scriptet.sh på Thu Feb 23 05:15:01 CET 2023
Fullførte status_scriptet.sh på Thu Feb 23 05:30:01 CET 2023
Fullførte status_scriptet.sh på Thu Feb 23 05:45:02 CET 2023
Fullførte status_scriptet.sh på Thu Feb 23 06:00:01 CET 2023
Fullførte status_scriptet.sh på Thu Feb 23 06:15:01 CET 2023
Fullførte status_scriptet.sh på Thu Feb 23 06:30:02 CET 2023
Fullførte status_scriptet.sh på Thu Feb 23 06:45:01 CET 2023
Fullførte status_scriptet.sh på Thu Feb 23 07:00:01 CET 2023
Fullførte status_scriptet.sh på Thu Feb 23 07:15:02 CET 2023
Fullførte status_scriptet.sh på Thu Feb 23 07:30:01 CET 2023
Fullførte status_scriptet.sh på Thu Feb 23 07:45:01 CET 2023
Fullførte status_scriptet.sh på Thu Feb 23 08:00:01 CET 2023
Fullførte status_scriptet.sh på Thu Feb 23 08:15:01 CET 2023
Fullførte status_scriptet.sh på Thu Feb 23 08:30:01 CET 2023
Fullførte status_scriptet.sh på Thu Feb 23 08:45:01 CET 2023
Fullførte status_scriptet.sh på Thu Feb 23 09:00:01 CET 2023
Fullførte status_scriptet.sh på Thu Feb 23 09:15:01 CET 2023
Fullførte status_scriptet.sh på Thu Feb 23 09:30:01 CET 2023
Fullførte status_scriptet.sh på Thu Feb 23 09:45:01 CET 2023
Fullførte status_scriptet.sh på Thu Feb 23 10:00:01 CET 2023
Fullførte status_scriptet.sh på Thu Feb 23 10:15:01 CET 2023
Fullførte status_scriptet.sh på Thu Feb 23 10:30:01 CET 2023
Fullførte status_scriptet.sh på Thu Feb 23 10:45:01 CET 2023
Fullførte status_scriptet.sh på Thu Feb 23 11:00:01 CET 2023
Fullførte status_scriptet.sh på Thu Feb 23 11:15:01 CET 2023
Fullførte status_scriptet.sh på Thu Feb 23 11:30:01 CET 2023
Fullførte status_scriptet.sh på Thu Feb 23 11:45:01 CET 2023
Fullførte status_scriptet.sh på Thu Feb 23 12:00:01 CET 2023
Fullførte status_scriptet.sh på Thu Feb 23 12:15:01 CET 2023
Fullførte status_scriptet.sh på Thu Feb 23 12:30:01 CET 2023
Fullførte status_scriptet.sh på Thu Feb 23 12:45:01 CET 2023
Fullførte status_scriptet.sh på Thu Feb 23 13:00:01 CET 2023
Fullførte status_scriptet.sh på Thu Feb 23 13:15:01 CET 2023
Fullførte status_scriptet.sh på Thu Feb 23 13:30:01 CET 2023
Fullførte status_scriptet.sh på Thu Feb 23 13:45:01 CET 2023
Fullførte status_scriptet.sh på Thu Feb 23 14:00:01 CET 2023
Fullførte status_scriptet.sh på Thu Feb 23 14:15:01 CET 2023
Fullførte status_scriptet.sh på Thu Feb 23 14:30:01 CET 2023
Fullførte status_scriptet.sh på Thu Feb 23 14:45:01 CET 2023
Fullførte status_scriptet.sh på Thu Feb 23 15:00:01 CET 2023
Fullførte status_scriptet.sh på Thu Feb 23 15:15:01 CET 2023
Fullførte status_scriptet.sh på Thu Feb 23 15:30:01 CET 2023
Fullførte status_scriptet.sh på Thu Feb 23 15:45:01 CET 2023
Fullførte status_scriptet.sh på Thu Feb 23 16:00:02 CET 2023
Fullførte status_scriptet.sh på Thu Feb 23 16:15:01 CET 2023
Fullførte status_scriptet.sh på Thu Feb 23 16:30:01 CET 2023
Fullførte status_scriptet.sh på Thu Feb 23 16:45:01 CET 2023
Fullførte status_scriptet.sh på Thu Feb 23 17:00:01 CET 2023
Fullførte status_scriptet.sh på Thu Feb 23 17:15:01 CET 2023
Fullførte status_scriptet.sh på Thu Feb 23 17:30:01 CET 2023
Fullførte status_scriptet.sh på Thu Feb 23 17:45:01 CET 2023
Fullførte status_scriptet.sh på Thu Feb 23 18:00:01 CET 2023
Fullførte status_scriptet.sh på Thu Feb 23 18:15:01 CET 2023
Fullførte status_scriptet.sh på Thu Feb 23 18:30:01 CET 2023
Fullførte status_scriptet.sh på Thu Feb 23 18:45:01 CET 2023
Fullførte status_scriptet.sh på Thu Feb 23 19:00:01 CET 2023
Fullførte status_scriptet.sh på Thu Feb 23 19:15:01 CET 2023
Fullførte status_scriptet.sh på Thu Feb 23 19:30:01 CET 2023
Fullførte status_scriptet.sh på Thu Feb 23 19:45:01 CET 2023
Fullførte status_scriptet.sh på Thu Feb 23 20:00:01 CET 2023
Fullførte status_scriptet.sh på Thu Feb 23 20:15:01 CET 2023
Fullførte status_scriptet.sh på Thu Feb 23 20:30:01 CET 2023
Fullførte status_scriptet.sh på Thu Feb 23 20:45:01 CET 2023
Fullførte status_scriptet.sh på Thu Feb 23 21:00:01 CET 2023
Fullførte status_scriptet.sh på Thu Feb 23 21:15:01 CET 2023
Fullførte status_scriptet.sh på Thu Feb 23 21:30:01 CET 2023
Fullførte status_scriptet.sh på Thu Feb 23 21:45:01 CET 2023
Fullførte status_scriptet.sh på Thu Feb 23 22:00:01 CET 2023
Fullførte status_scriptet.sh på Thu Feb 23 22:15:01 CET 2023
Fullførte status_scriptet.sh på Thu Feb 23 22:30:02 CET 2023
Fullførte status_scriptet.sh på Thu Feb 23 22:45:01 CET 2023
Fullførte status_scriptet.sh på Thu Feb 23 23:00:01 CET 2023
Fullførte status_scriptet.sh på Thu Feb 23 23:15:01 CET 2023
Fullførte status_scriptet.sh på Thu Feb 23 23:30:01 CET 2023
Fullførte status_scriptet.sh på Thu Feb 23 23:45:01 CET 2023
Fullførte status_scriptet.sh på Fri Feb 24 00:00:01 CET 2023
Fullførte status_scriptet.sh på Fri Feb 24 00:15:01 CET 2023
Fullførte status_scriptet.sh på Fri Feb 24 00:30:01 CET 2023
Fullførte status_scriptet.sh på Fri Feb 24 00:45:01 CET 2023
Fullførte status_scriptet.sh på Fri Feb 24 01:00:01 CET 2023
Fullførte status_scriptet.sh på Fri Feb 24 01:15:01 CET 2023
Fullførte status_scriptet.sh på Fri Feb 24 01:30:01 CET 2023
Fullførte status_scriptet.sh på Fri Feb 24 01:45:01 CET 2023
Fullførte status_scriptet.sh på Fri Feb 24 02:00:01 CET 2023
Fullførte status_scriptet.sh på Fri Feb 24 02:15:01 CET 2023
Fullførte status_scriptet.sh på Fri Feb 24 02:30:01 CET 2023
Fullførte status_scriptet.sh på Fri Feb 24 02:45:01 CET 2023
Fullførte status_scriptet.sh på Fri Feb 24 03:00:02 CET 2023
Fullførte status_scriptet.sh på Fri Feb 24 03:15:01 CET 2023
Fullførte status_scriptet.sh på Fri Feb 24 03:30:01 CET 2023
Fullførte status_scriptet.sh på Fri Feb 24 03:45:02 CET 2023
Fullførte status_scriptet.sh på Fri Feb 24 04:00:01 CET 2023
Fullførte status_scriptet.sh på Fri Feb 24 04:15:01 CET 2023
Fullførte status_scriptet.sh på Fri Feb 24 04:30:01 CET 2023
Fullførte status_scriptet.sh på Fri Feb 24 04:45:01 CET 2023
Fullførte status_scriptet.sh på Fri Feb 24 05:00:01 CET 2023
Fullførte status_scriptet.sh på Fri Feb 24 05:15:01 CET 2023
Fullførte status_scriptet.sh på Fri Feb 24 05:30:01 CET 2023
Fullførte status_scriptet.sh på Fri Feb 24 05:45:01 CET 2023
Fullførte status_scriptet.sh på Fri Feb 24 06:00:01 CET 2023
Fullførte status_scriptet.sh på Fri Feb 24 06:15:01 CET 2023
Fullførte status_scriptet.sh på Fri Feb 24 06:30:01 CET 2023
Fullførte status_scriptet.sh på Fri Feb 24 06:45:01 CET 2023
Fullførte status_scriptet.sh på Fri Feb 24 07:00:01 CET 2023
Fullførte status_scriptet.sh på Fri Feb 24 07:15:01 CET 2023
Fullførte status_scriptet.sh på Fri Feb 24 07:30:01 CET 2023
Fullførte status_scriptet.sh på Fri Feb 24 07:45:01 CET 2023
Fullførte status_scriptet.sh på Fri Feb 24 08:00:01 CET 2023
Fullførte status_scriptet.sh på Fri Feb 24 08:15:01 CET 2023
Fullførte status_scriptet.sh på Fri Feb 24 08:30:01 CET 2023
Fullførte status_scriptet.sh på Fri Feb 24 08:45:01 CET 2023
Fullførte status_scriptet.sh på Fri Feb 24 09:00:01 CET 2023
Fullførte status_scriptet.sh på Fri Feb 24 09:15:01 CET 2023
Fullførte status_scriptet.sh på Fri Feb 24 09:30:01 CET 2023
Fullførte status_scriptet.sh på Fri Feb 24 09:45:01 CET 2023
Fullførte status_scriptet.sh på Fri Feb 24 10:00:01 CET 2023
Fullførte status_scriptet.sh på Fri Feb 24 10:15:01 CET 2023
Fullførte status_scriptet.sh på Fri Feb 24 10:30:01 CET 2023
Fullførte status_scriptet.sh på Fri Feb 24 10:45:01 CET 2023
Fullførte status_scriptet.sh på Fri Feb 24 11:00:01 CET 2023
Fullførte status_scriptet.sh på Fri Feb 24 11:15:01 CET 2023
Fullførte status_scriptet.sh på Fri Feb 24 11:30:01 CET 2023
Fullførte status_scriptet.sh på Fri Feb 24 11:45:01 CET 2023
Fullførte status_scriptet.sh på Fri Feb 24 12:00:01 CET 2023
Fullførte status_scriptet.sh på Fri Feb 24 12:15:01 CET 2023
Fullførte status_scriptet.sh på Fri Feb 24 12:30:01 CET 2023
Fullførte status_scriptet.sh på Fri Feb 24 12:45:01 CET 2023
Fullførte status_scriptet.sh på Fri Feb 24 13:00:01 CET 2023
Fullførte status_scriptet.sh på Fri Feb 24 13:15:01 CET 2023
Fullførte status_scriptet.sh på Fri Feb 24 13:30:01 CET 2023
Fullførte status_scriptet.sh på Fri Feb 24 13:45:01 CET 2023
Fullførte status_scriptet.sh på Fri Feb 24 14:00:01 CET 2023
Fullførte status_scriptet.sh på Fri Feb 24 14:15:01 CET 2023
Fullførte status_scriptet.sh på Fri Feb 24 14:30:01 CET 2023
Fullførte status_scriptet.sh på Fri Feb 24 14:45:01 CET 2023
Fullførte status_scriptet.sh på Fri Feb 24 15:00:02 CET 2023
Fullførte status_scriptet.sh på Fri Feb 24 15:15:01 CET 2023
Fullførte status_scriptet.sh på Fri Feb 24 15:30:01 CET 2023
Fullførte status_scriptet.sh på Fri Feb 24 15:45:01 CET 2023
Fullførte status_scriptet.sh på Fri Feb 24 16:00:01 CET 2023
Fullførte status_scriptet.sh på Fri Feb 24 16:15:01 CET 2023
Fullførte status_scriptet.sh på Fri Feb 24 16:30:01 CET 2023
Fullførte status_scriptet.sh på Fri Feb 24 16:45:02 CET 2023
Fullførte status_scriptet.sh på Fri Feb 24 17:00:01 CET 2023
Fullførte status_scriptet.sh på Fri Feb 24 17:15:01 CET 2023
Fullførte status_scriptet.sh på Fri Feb 24 17:30:01 CET 2023
Fullførte status_scriptet.sh på Fri Feb 24 17:45:01 CET 2023
Fullførte status_scriptet.sh på Fri Feb 24 18:00:01 CET 2023
Fullførte status_scriptet.sh på Fri Feb 24 18:15:01 CET 2023
Fullførte status_scriptet.sh på Fri Feb 24 18:30:02 CET 2023
Fullførte status_scriptet.sh på Fri Feb 24 18:45:01 CET 2023
Fullførte status_scriptet.sh på Fri Feb 24 19:00:01 CET 2023
Fullførte status_scriptet.sh på Fri Feb 24 19:15:01 CET 2023
Fullførte status_scriptet.sh på Fri Feb 24 19:30:01 CET 2023
Fullførte status_scriptet.sh på Fri Feb 24 19:45:01 CET 2023
Fullførte status_scriptet.sh på Fri Feb 24 20:00:01 CET 2023
Fullførte status_scriptet.sh på Fri Feb 24 20:15:01 CET 2023
Fullførte status_scriptet.sh på Fri Feb 24 20:30:01 CET 2023
Fullførte status_scriptet.sh på Fri Feb 24 20:45:01 CET 2023
Fullførte status_scriptet.sh på Fri Feb 24 21:00:02 CET 2023
Fullførte status_scriptet.sh på Fri Feb 24 21:15:01 CET 2023
Fullførte status_scriptet.sh på Fri Feb 24 21:30:01 CET 2023
Fullførte status_scriptet.sh på Fri Feb 24 21:45:01 CET 2023
Fullførte status_scriptet.sh på Fri Feb 24 22:00:01 CET 2023
Fullførte status_scriptet.sh på Fri Feb 24 22:15:01 CET 2023
Fullførte status_scriptet.sh på Fri Feb 24 22:30:01 CET 2023
Fullførte status_scriptet.sh på Fri Feb 24 22:45:01 CET 2023
Fullførte status_scriptet.sh på Fri Feb 24 23:00:01 CET 2023
Fullførte status_scriptet.sh på Fri Feb 24 23:15:01 CET 2023
Fullførte status_scriptet.sh på Fri Feb 24 23:30:01 CET 2023
Fullførte status_scriptet.sh på Fri Feb 24 23:45:01 CET 2023
Fullførte status_scriptet.sh på Sat Feb 25 00:00:01 CET 2023
Fullførte status_scriptet.sh på Sat Feb 25 00:15:01 CET 2023
Fullførte status_scriptet.sh på Sat Feb 25 00:30:01 CET 2023
Fullførte status_scriptet.sh på Sat Feb 25 00:45:01 CET 2023
Fullførte status_scriptet.sh på Sat Feb 25 01:00:01 CET 2023
Fullførte status_scriptet.sh på Sat Feb 25 01:15:02 CET 2023
Fullførte status_scriptet.sh på Sat Feb 25 01:30:01 CET 2023
Fullførte status_scriptet.sh på Sat Feb 25 01:45:01 CET 2023
Fullførte status_scriptet.sh på Sat Feb 25 02:00:01 CET 2023
Fullførte status_scriptet.sh på Sat Feb 25 02:15:01 CET 2023
Fullførte status_scriptet.sh på Sat Feb 25 02:30:01 CET 2023
Fullførte status_scriptet.sh på Sat Feb 25 02:45:01 CET 2023
Fullførte status_scriptet.sh på Sat Feb 25 03:00:01 CET 2023
Fullførte status_scriptet.sh på Sat Feb 25 03:15:01 CET 2023
Fullførte status_scriptet.sh på Sat Feb 25 03:30:01 CET 2023
Fullførte status_scriptet.sh på Sat Feb 25 03:45:01 CET 2023
Fullførte status_scriptet.sh på Sat Feb 25 04:00:01 CET 2023
Fullførte status_scriptet.sh på Sat Feb 25 04:15:01 CET 2023
Fullførte status_scriptet.sh på Sat Feb 25 04:30:01 CET 2023
Fullførte status_scriptet.sh på Sat Feb 25 04:45:01 CET 2023
Fullførte status_scriptet.sh på Sat Feb 25 05:00:01 CET 2023
Fullførte status_scriptet.sh på Sat Feb 25 05:15:02 CET 2023
Fullførte status_scriptet.sh på Sat Feb 25 05:30:01 CET 2023
Fullførte status_scriptet.sh på Sat Feb 25 05:45:01 CET 2023
Fullførte status_scriptet.sh på Sat Feb 25 06:00:01 CET 2023
Fullførte status_scriptet.sh på Sat Feb 25 06:15:01 CET 2023
Fullførte status_scriptet.sh på Sat Feb 25 06:30:01 CET 2023
Fullførte status_scriptet.sh på Sat Feb 25 06:45:01 CET 2023
Fullførte status_scriptet.sh på Sat Feb 25 07:00:01 CET 2023
Fullførte status_scriptet.sh på Sat Feb 25 07:15:01 CET 2023
Fullførte status_scriptet.sh på Sat Feb 25 07:30:01 CET 2023
Fullførte status_scriptet.sh på Sat Feb 25 07:45:01 CET 2023
Fullførte status_scriptet.sh på Sat Feb 25 08:00:01 CET 2023
Fullførte status_scriptet.sh på Sat Feb 25 08:15:01 CET 2023
Fullførte status_scriptet.sh på Sat Feb 25 08:30:01 CET 2023
Fullførte status_scriptet.sh på Sat Feb 25 08:45:01 CET 2023
Fullførte status_scriptet.sh på Sat Feb 25 09:00:01 CET 2023
Fullførte status_scriptet.sh på Sat Feb 25 09:15:01 CET 2023
Fullførte status_scriptet.sh på Sat Feb 25 09:30:01 CET 2023
Fullførte status_scriptet.sh på Sat Feb 25 09:45:01 CET 2023
Fullførte status_scriptet.sh på Sat Feb 25 10:00:01 CET 2023
Fullførte status_scriptet.sh på Sat Feb 25 10:15:01 CET 2023
Fullførte status_scriptet.sh på Sat Feb 25 10:30:01 CET 2023
Fullførte status_scriptet.sh på Sat Feb 25 10:45:01 CET 2023
Fullførte status_scriptet.sh på Sat Feb 25 11:00:01 CET 2023
Fullførte status_scriptet.sh på Sat Feb 25 11:15:01 CET 2023
Fullførte status_scriptet.sh på Sat Feb 25 11:30:01 CET 2023
Fullførte status_scriptet.sh på Sat Feb 25 11:45:01 CET 2023
Fullførte status_scriptet.sh på Sat Feb 25 12:00:01 CET 2023
Fullførte status_scriptet.sh på Sat Feb 25 12:15:01 CET 2023
Fullførte status_scriptet.sh på Sat Feb 25 12:30:01 CET 2023
Fullførte status_scriptet.sh på Sat Feb 25 12:45:01 CET 2023
Fullførte status_scriptet.sh på Sat Feb 25 13:00:01 CET 2023
Fullførte status_scriptet.sh på Sat Feb 25 13:15:01 CET 2023
Fullførte status_scriptet.sh på Sat Feb 25 13:30:01 CET 2023
Fullførte status_scriptet.sh på Sat Feb 25 13:45:01 CET 2023
Fullførte status_scriptet.sh på Sat Feb 25 14:00:01 CET 2023
Fullførte status_scriptet.sh på Sat Feb 25 14:15:01 CET 2023
Fullførte status_scriptet.sh på Sat Feb 25 14:30:01 CET 2023
Fullførte status_scriptet.sh på Sat Feb 25 14:45:01 CET 2023
Fullførte status_scriptet.sh på Sat Feb 25 15:00:01 CET 2023
Fullførte status_scriptet.sh på Sat Feb 25 15:15:01 CET 2023
Fullførte status_scriptet.sh på Sat Feb 25 15:30:01 CET 2023
Fullførte status_scriptet.sh på Sat Feb 25 15:45:01 CET 2023
Fullførte status_scriptet.sh på Sat Feb 25 16:00:01 CET 2023
Fullførte status_scriptet.sh på Sat Feb 25 16:15:01 CET 2023
Fullførte status_scriptet.sh på Sat Feb 25 16:30:01 CET 2023
Fullførte status_scriptet.sh på Sat Feb 25 16:45:01 CET 2023
Fullførte status_scriptet.sh på Sat Feb 25 17:00:01 CET 2023
Fullførte status_scriptet.sh på Sat Feb 25 17:15:01 CET 2023
Fullførte status_scriptet.sh på Sat Feb 25 17:30:01 CET 2023
Fullførte status_scriptet.sh på Sat Feb 25 17:45:01 CET 2023
Fullførte status_scriptet.sh på Sat Feb 25 18:00:01 CET 2023
Fullførte status_scriptet.sh på Sat Feb 25 18:15:01 CET 2023
Fullførte status_scriptet.sh på Sat Feb 25 18:30:01 CET 2023
Fullførte status_scriptet.sh på Sat Feb 25 18:45:01 CET 2023
Fullførte status_scriptet.sh på Sat Feb 25 19:00:01 CET 2023
Fullførte status_scriptet.sh på Sat Feb 25 19:15:01 CET 2023
Fullførte status_scriptet.sh på Sat Feb 25 19:30:01 CET 2023
Fullførte status_scriptet.sh på Sat Feb 25 19:45:01 CET 2023
Fullførte status_scriptet.sh på Sat Feb 25 20:00:01 CET 2023
Fullførte status_scriptet.sh på Sat Feb 25 20:15:01 CET 2023
Fullførte status_scriptet.sh på Sat Feb 25 20:30:01 CET 2023
Fullførte status_scriptet.sh på Sat Feb 25 20:45:01 CET 2023
Fullførte status_scriptet.sh på Sat Feb 25 21:00:01 CET 2023
Fullførte status_scriptet.sh på Sat Feb 25 21:15:01 CET 2023
Fullførte status_scriptet.sh på Sat Feb 25 21:30:01 CET 2023
Fullførte status_scriptet.sh på Sat Feb 25 21:45:01 CET 2023
Fullførte status_scriptet.sh på Sat Feb 25 22:00:01 CET 2023
Fullførte status_scriptet.sh på Sat Feb 25 22:15:01 CET 2023
Fullførte status_scriptet.sh på Sat Feb 25 22:30:01 CET 2023
Fullførte status_scriptet.sh på Sat Feb 25 22:45:01 CET 2023
Fullførte status_scriptet.sh på Sat Feb 25 23:00:01 CET 2023
Fullførte status_scriptet.sh på Sat Feb 25 23:15:01 CET 2023
Fullførte status_scriptet.sh på Sat Feb 25 23:30:01 CET 2023
Fullførte status_scriptet.sh på Sat Feb 25 23:45:01 CET 2023
Fullførte status_scriptet.sh på Sun Feb 26 00:00:01 CET 2023
Fullførte status_scriptet.sh på Sun Feb 26 00:15:01 CET 2023
Fullførte status_scriptet.sh på Sun Feb 26 00:30:01 CET 2023
Fullførte status_scriptet.sh på Sun Feb 26 00:45:01 CET 2023
Fullførte status_scriptet.sh på Sun Feb 26 01:00:01 CET 2023
Fullførte status_scriptet.sh på Sun Feb 26 01:15:01 CET 2023
Fullførte status_scriptet.sh på Sun Feb 26 01:30:01 CET 2023
Fullførte status_scriptet.sh på Sun Feb 26 01:45:02 CET 2023
Fullførte status_scriptet.sh på Sun Feb 26 02:00:01 CET 2023
Fullførte status_scriptet.sh på Sun Feb 26 02:15:01 CET 2023
Fullførte status_scriptet.sh på Sun Feb 26 02:30:01 CET 2023
Fullførte status_scriptet.sh på Sun Feb 26 02:45:01 CET 2023
Fullførte status_scriptet.sh på Sun Feb 26 03:00:01 CET 2023
Fullførte status_scriptet.sh på Sun Feb 26 03:15:01 CET 2023
Fullførte status_scriptet.sh på Sun Feb 26 03:30:02 CET 2023
Fullførte status_scriptet.sh på Sun Feb 26 03:45:01 CET 2023
Fullførte status_scriptet.sh på Sun Feb 26 04:00:01 CET 2023
Fullførte status_scriptet.sh på Sun Feb 26 04:15:02 CET 2023
Fullførte status_scriptet.sh på Sun Feb 26 04:30:01 CET 2023
Fullførte status_scriptet.sh på Sun Feb 26 04:45:01 CET 2023
Fullførte status_scriptet.sh på Sun Feb 26 05:00:01 CET 2023
Fullførte status_scriptet.sh på Sun Feb 26 05:15:01 CET 2023
Fullførte status_scriptet.sh på Sun Feb 26 05:30:01 CET 2023
Fullførte status_scriptet.sh på Sun Feb 26 05:45:01 CET 2023
Fullførte status_scriptet.sh på Sun Feb 26 06:00:01 CET 2023
Fullførte status_scriptet.sh på Sun Feb 26 06:15:01 CET 2023
Fullførte status_scriptet.sh på Sun Feb 26 06:30:01 CET 2023
Fullførte status_scriptet.sh på Sun Feb 26 06:45:01 CET 2023
Fullførte status_scriptet.sh på Sun Feb 26 07:00:01 CET 2023
Fullførte status_scriptet.sh på Sun Feb 26 07:15:01 CET 2023
Fullførte status_scriptet.sh på Sun Feb 26 07:30:01 CET 2023
Fullførte status_scriptet.sh på Sun Feb 26 07:45:01 CET 2023
Fullførte status_scriptet.sh på Sun Feb 26 08:00:01 CET 2023
Fullførte status_scriptet.sh på Sun Feb 26 08:15:01 CET 2023
Fullførte status_scriptet.sh på Sun Feb 26 08:30:01 CET 2023
Fullførte status_scriptet.sh på Sun Feb 26 08:45:01 CET 2023
Fullførte status_scriptet.sh på Sun Feb 26 09:00:01 CET 2023
Fullførte status_scriptet.sh på Sun Feb 26 09:15:01 CET 2023
Fullførte status_scriptet.sh på Sun Feb 26 09:30:01 CET 2023
Fullførte status_scriptet.sh på Sun Feb 26 09:45:01 CET 2023
Fullførte status_scriptet.sh på Sun Feb 26 10:00:01 CET 2023
Fullførte status_scriptet.sh på Sun Feb 26 10:15:01 CET 2023
Fullførte status_scriptet.sh på Sun Feb 26 10:30:01 CET 2023
Fullførte status_scriptet.sh på Sun Feb 26 10:45:01 CET 2023
Fullførte status_scriptet.sh på Sun Feb 26 11:00:01 CET 2023
Fullførte status_scriptet.sh på Sun Feb 26 11:15:01 CET 2023
Fullførte status_scriptet.sh på Sun Feb 26 11:30:01 CET 2023
Fullførte status_scriptet.sh på Sun Feb 26 11:45:01 CET 2023
Fullførte status_scriptet.sh på Sun Feb 26 12:00:01 CET 2023
Fullførte status_scriptet.sh på Sun Feb 26 12:15:01 CET 2023
Fullførte status_scriptet.sh på Sun Feb 26 12:30:01 CET 2023
Fullførte status_scriptet.sh på Sun Feb 26 12:45:01 CET 2023
Fullførte status_scriptet.sh på Sun Feb 26 13:00:01 CET 2023
Fullførte status_scriptet.sh på Sun Feb 26 13:15:01 CET 2023
Fullførte status_scriptet.sh på Sun Feb 26 13:30:01 CET 2023
Fullførte status_scriptet.sh på Sun Feb 26 13:45:01 CET 2023
Fullførte status_scriptet.sh på Sun Feb 26 14:00:01 CET 2023
Fullførte status_scriptet.sh på Sun Feb 26 14:15:01 CET 2023
Fullførte status_scriptet.sh på Sun Feb 26 14:30:01 CET 2023
Fullførte status_scriptet.sh på Sun Feb 26 14:45:01 CET 2023
Fullførte status_scriptet.sh på Sun Feb 26 15:00:01 CET 2023
Fullførte status_scriptet.sh på Sun Feb 26 15:15:01 CET 2023
Fullførte status_scriptet.sh på Sun Feb 26 15:30:01 CET 2023
Fullførte status_scriptet.sh på Sun Feb 26 15:45:01 CET 2023
Fullførte status_scriptet.sh på Sun Feb 26 16:00:01 CET 2023
Fullførte status_scriptet.sh på Sun Feb 26 16:15:01 CET 2023
Fullførte status_scriptet.sh på Sun Feb 26 16:30:01 CET 2023
Fullførte status_scriptet.sh på Sun Feb 26 16:45:01 CET 2023
Fullførte status_scriptet.sh på Sun Feb 26 17:00:01 CET 2023
Fullførte status_scriptet.sh på Sun Feb 26 17:15:01 CET 2023
Fullførte status_scriptet.sh på Sun Feb 26 17:30:01 CET 2023
Fullførte status_scriptet.sh på Sun Feb 26 17:45:01 CET 2023
Fullførte status_scriptet.sh på Sun Feb 26 18:00:01 CET 2023
Fullførte status_scriptet.sh på Sun Feb 26 18:15:01 CET 2023
Fullførte status_scriptet.sh på Sun Feb 26 18:30:01 CET 2023
Fullførte status_scriptet.sh på Sun Feb 26 18:45:01 CET 2023
Fullførte status_scriptet.sh på Sun Feb 26 19:00:01 CET 2023
Fullførte status_scriptet.sh på Sun Feb 26 19:15:01 CET 2023
Fullførte status_scriptet.sh på Sun Feb 26 19:30:01 CET 2023
Fullførte status_scriptet.sh på Sun Feb 26 19:45:01 CET 2023
Fullførte status_scriptet.sh på Sun Feb 26 20:00:01 CET 2023
Fullførte status_scriptet.sh på Sun Feb 26 20:15:01 CET 2023
Fullførte status_scriptet.sh på Sun Feb 26 20:30:01 CET 2023
Fullførte status_scriptet.sh på Sun Feb 26 20:45:01 CET 2023
Fullførte status_scriptet.sh på Sun Feb 26 21:00:01 CET 2023
Fullførte status_scriptet.sh på Sun Feb 26 21:15:01 CET 2023
Fullførte status_scriptet.sh på Sun Feb 26 21:30:01 CET 2023
Fullførte status_scriptet.sh på Sun Feb 26 21:45:01 CET 2023
Fullførte status_scriptet.sh på Sun Feb 26 22:00:01 CET 2023
Fullførte status_scriptet.sh på Sun Feb 26 22:15:01 CET 2023
Fullførte status_scriptet.sh på Sun Feb 26 22:30:01 CET 2023
Fullførte status_scriptet.sh på Sun Feb 26 22:45:01 CET 2023
Fullførte status_scriptet.sh på Sun Feb 26 23:00:02 CET 2023
Fullførte status_scriptet.sh på Sun Feb 26 23:15:01 CET 2023
Fullførte status_scriptet.sh på Sun Feb 26 23:30:01 CET 2023
Fullførte status_scriptet.sh på Sun Feb 26 23:45:01 CET 2023
Fullførte status_scriptet.sh på Mon Feb 27 00:00:02 CET 2023
Fullførte status_scriptet.sh på Mon Feb 27 00:15:01 CET 2023
Fullførte status_scriptet.sh på Mon Feb 27 00:30:01 CET 2023
Fullførte status_scriptet.sh på Mon Feb 27 00:45:01 CET 2023
Fullførte status_scriptet.sh på Mon Feb 27 01:00:01 CET 2023
Fullførte status_scriptet.sh på Mon Feb 27 01:15:01 CET 2023
Fullførte status_scriptet.sh på Mon Feb 27 01:30:01 CET 2023
Fullførte status_scriptet.sh på Mon Feb 27 01:45:01 CET 2023
Fullførte status_scriptet.sh på Mon Feb 27 02:00:01 CET 2023
Fullførte status_scriptet.sh på Mon Feb 27 02:15:01 CET 2023
Fullførte status_scriptet.sh på Mon Feb 27 02:30:01 CET 2023
Fullførte status_scriptet.sh på Mon Feb 27 02:45:01 CET 2023
Fullførte status_scriptet.sh på Mon Feb 27 03:00:01 CET 2023
Fullførte status_scriptet.sh på Mon Feb 27 03:15:01 CET 2023
Fullførte status_scriptet.sh på Mon Feb 27 03:30:01 CET 2023
Fullførte status_scriptet.sh på Mon Feb 27 03:45:01 CET 2023
Fullførte status_scriptet.sh på Mon Feb 27 04:00:01 CET 2023
Fullførte status_scriptet.sh på Mon Feb 27 04:15:02 CET 2023
Fullførte status_scriptet.sh på Mon Feb 27 04:30:01 CET 2023
Fullførte status_scriptet.sh på Mon Feb 27 04:45:01 CET 2023
Fullførte status_scriptet.sh på Mon Feb 27 05:00:01 CET 2023
Fullførte status_scriptet.sh på Mon Feb 27 05:15:01 CET 2023
Fullførte status_scriptet.sh på Mon Feb 27 05:30:01 CET 2023
Fullførte status_scriptet.sh på Mon Feb 27 05:45:01 CET 2023
Fullførte status_scriptet.sh på Mon Feb 27 06:00:01 CET 2023
Fullførte status_scriptet.sh på Mon Feb 27 06:15:01 CET 2023
Fullførte status_scriptet.sh på Mon Feb 27 06:30:01 CET 2023
Fullførte status_scriptet.sh på Mon Feb 27 06:45:01 CET 2023
Fullførte status_scriptet.sh på Mon Feb 27 07:00:01 CET 2023
Fullførte status_scriptet.sh på Mon Feb 27 07:15:01 CET 2023
Fullførte status_scriptet.sh på Mon Feb 27 07:30:01 CET 2023
Fullførte status_scriptet.sh på Mon Feb 27 07:45:01 CET 2023
Fullførte status_scriptet.sh på Mon Feb 27 08:00:01 CET 2023
Fullførte status_scriptet.sh på Mon Feb 27 08:15:01 CET 2023
Fullførte status_scriptet.sh på Mon Feb 27 08:30:01 CET 2023
Fullførte status_scriptet.sh på Mon Feb 27 08:45:02 CET 2023
Fullførte status_scriptet.sh på Mon Feb 27 09:00:01 CET 2023
Fullførte status_scriptet.sh på Mon Feb 27 09:15:01 CET 2023
Fullførte status_scriptet.sh på Mon Feb 27 09:30:01 CET 2023
Fullførte status_scriptet.sh på Mon Feb 27 09:45:01 CET 2023
Fullførte status_scriptet.sh på Mon Feb 27 10:00:01 CET 2023
Fullførte status_scriptet.sh på Mon Feb 27 10:15:01 CET 2023
Fullførte status_scriptet.sh på Mon Feb 27 10:30:01 CET 2023
Fullførte status_scriptet.sh på Mon Feb 27 10:45:01 CET 2023
Fullførte status_scriptet.sh på Mon Feb 27 11:00:02 CET 2023
Fullførte status_scriptet.sh på Mon Feb 27 11:15:01 CET 2023
Fullførte status_scriptet.sh på Mon Feb 27 11:30:01 CET 2023
Fullførte status_scriptet.sh på Mon Feb 27 11:45:01 CET 2023
Fullførte status_scriptet.sh på Mon Feb 27 12:00:02 CET 2023
Fullførte status_scriptet.sh på Mon Feb 27 12:15:01 CET 2023
Fullførte status_scriptet.sh på Mon Feb 27 12:30:01 CET 2023
Fullførte status_scriptet.sh på Mon Feb 27 12:45:01 CET 2023
Fullførte status_scriptet.sh på Mon Feb 27 13:00:01 CET 2023
Fullførte status_scriptet.sh på Mon Feb 27 13:15:01 CET 2023
Fullførte status_scriptet.sh på Mon Feb 27 13:30:01 CET 2023
Fullførte status_scriptet.sh på Mon Feb 27 13:45:01 CET 2023
Fullførte status_scriptet.sh på Mon Feb 27 14:00:01 CET 2023
Fullførte status_scriptet.sh på Mon Feb 27 14:15:01 CET 2023
Fullførte status_scriptet.sh på Mon Feb 27 14:30:01 CET 2023
Fullførte status_scriptet.sh på Mon Feb 27 14:45:01 CET 2023
Fullførte status_scriptet.sh på Mon Feb 27 15:00:01 CET 2023
Fullførte status_scriptet.sh på Mon Feb 27 15:15:01 CET 2023
Fullførte status_scriptet.sh på Mon Feb 27 15:30:01 CET 2023
Fullførte status_scriptet.sh på Mon Feb 27 15:45:01 CET 2023
Fullførte status_scriptet.sh på Mon Feb 27 16:00:02 CET 2023
Fullførte status_scriptet.sh på Mon Feb 27 16:15:01 CET 2023
Fullførte status_scriptet.sh på Mon Feb 27 16:30:01 CET 2023
Fullførte status_scriptet.sh på Mon Feb 27 16:45:01 CET 2023
Fullførte status_scriptet.sh på Mon Feb 27 17:00:01 CET 2023
Fullførte status_scriptet.sh på Mon Feb 27 17:15:01 CET 2023
Fullførte status_scriptet.sh på Mon Feb 27 17:30:01 CET 2023
Fullførte status_scriptet.sh på Mon Feb 27 17:45:01 CET 2023
Fullførte status_scriptet.sh på Mon Feb 27 18:00:01 CET 2023
Fullførte status_scriptet.sh på Mon Feb 27 18:15:01 CET 2023
Fullførte status_scriptet.sh på Mon Feb 27 18:30:01 CET 2023
Fullførte status_scriptet.sh på Mon Feb 27 18:45:01 CET 2023
Fullførte status_scriptet.sh på Mon Feb 27 19:00:01 CET 2023
Fullførte status_scriptet.sh på Mon Feb 27 19:15:01 CET 2023
Fullførte status_scriptet.sh på Mon Feb 27 19:30:01 CET 2023
Fullførte status_scriptet.sh på Mon Feb 27 19:45:01 CET 2023
Fullførte status_scriptet.sh på Mon Feb 27 20:00:01 CET 2023
Fullførte status_scriptet.sh på Mon Feb 27 20:15:01 CET 2023
Fullførte status_scriptet.sh på Mon Feb 27 20:30:01 CET 2023
Fullførte status_scriptet.sh på Mon Feb 27 20:45:01 CET 2023
Fullførte status_scriptet.sh på Mon Feb 27 21:00:01 CET 2023
Fullførte status_scriptet.sh på Mon Feb 27 21:15:01 CET 2023
Fullførte status_scriptet.sh på Mon Feb 27 21:30:01 CET 2023
Fullførte status_scriptet.sh på Mon Feb 27 21:45:01 CET 2023
Fullførte status_scriptet.sh på Mon Feb 27 22:00:01 CET 2023
Fullførte status_scriptet.sh på Mon Feb 27 22:15:01 CET 2023
Fullførte status_scriptet.sh på Mon Feb 27 22:30:01 CET 2023
Fullførte status_scriptet.sh på Mon Feb 27 22:45:01 CET 2023
Fullførte status_scriptet.sh på Mon Feb 27 23:00:02 CET 2023
Fullførte status_scriptet.sh på Mon Feb 27 23:15:01 CET 2023
Fullførte status_scriptet.sh på Mon Feb 27 23:30:01 CET 2023
Fullførte status_scriptet.sh på Mon Feb 27 23:45:01 CET 2023
Fullførte status_scriptet.sh på Tue Feb 28 00:00:01 CET 2023
Fullførte status_scriptet.sh på Tue Feb 28 00:15:01 CET 2023
Fullførte status_scriptet.sh på Tue Feb 28 00:30:01 CET 2023
Fullførte status_scriptet.sh på Tue Feb 28 00:45:01 CET 2023
Fullførte status_scriptet.sh på Tue Feb 28 01:00:01 CET 2023
Fullførte status_scriptet.sh på Tue Feb 28 01:15:01 CET 2023
Fullførte status_scriptet.sh på Tue Feb 28 01:30:01 CET 2023
Fullførte status_scriptet.sh på Tue Feb 28 01:45:01 CET 2023
Fullførte status_scriptet.sh på Tue Feb 28 02:00:01 CET 2023
Fullførte status_scriptet.sh på Tue Feb 28 02:15:01 CET 2023
Fullførte status_scriptet.sh på Tue Feb 28 02:30:01 CET 2023
Fullførte status_scriptet.sh på Tue Feb 28 02:45:01 CET 2023
Fullførte status_scriptet.sh på Tue Feb 28 03:00:01 CET 2023
Fullførte status_scriptet.sh på Tue Feb 28 03:15:01 CET 2023
Fullførte status_scriptet.sh på Tue Feb 28 03:30:01 CET 2023
Fullførte status_scriptet.sh på Tue Feb 28 03:45:01 CET 2023
Fullførte status_scriptet.sh på Tue Feb 28 04:00:01 CET 2023
Fullførte status_scriptet.sh på Tue Feb 28 04:15:01 CET 2023
Fullførte status_scriptet.sh på Tue Feb 28 04:30:01 CET 2023
Fullførte status_scriptet.sh på Tue Feb 28 04:45:01 CET 2023
Fullførte status_scriptet.sh på Tue Feb 28 05:00:01 CET 2023
Fullførte status_scriptet.sh på Tue Feb 28 05:15:01 CET 2023
Fullførte status_scriptet.sh på Tue Feb 28 05:30:01 CET 2023
Fullførte status_scriptet.sh på Tue Feb 28 05:45:01 CET 2023
Fullførte status_scriptet.sh på Tue Feb 28 06:00:02 CET 2023
Fullførte status_scriptet.sh på Tue Feb 28 06:15:01 CET 2023
Fullførte status_scriptet.sh på Tue Feb 28 06:30:01 CET 2023
Fullførte status_scriptet.sh på Tue Feb 28 06:45:01 CET 2023
Fullførte status_scriptet.sh på Tue Feb 28 07:00:01 CET 2023
Fullførte status_scriptet.sh på Tue Feb 28 07:15:01 CET 2023
Fullførte status_scriptet.sh på Tue Feb 28 07:30:01 CET 2023
Fullførte status_scriptet.sh på Tue Feb 28 07:45:01 CET 2023
Fullførte status_scriptet.sh på Tue Feb 28 08:00:01 CET 2023
Fullførte status_scriptet.sh på Tue Feb 28 08:15:01 CET 2023
Fullførte status_scriptet.sh på Tue Feb 28 08:30:01 CET 2023
Fullførte status_scriptet.sh på Tue Feb 28 08:45:01 CET 2023
Fullførte status_scriptet.sh på Tue Feb 28 09:00:01 CET 2023
Fullførte status_scriptet.sh på Tue Feb 28 09:15:01 CET 2023
Fullførte status_scriptet.sh på Tue Feb 28 09:30:01 CET 2023
Fullførte status_scriptet.sh på Tue Feb 28 09:45:01 CET 2023
Fullførte status_scriptet.sh på Tue Feb 28 10:00:01 CET 2023
Fullførte status_scriptet.sh på Tue Feb 28 10:15:01 CET 2023
Fullførte status_scriptet.sh på Tue Feb 28 10:30:01 CET 2023
Fullførte status_scriptet.sh på Tue Feb 28 10:45:01 CET 2023
Fullførte status_scriptet.sh på Tue Feb 28 11:00:01 CET 2023
Fullførte status_scriptet.sh på Tue Feb 28 11:15:02 CET 2023
Fullførte status_scriptet.sh på Tue Feb 28 11:30:01 CET 2023
Fullførte status_scriptet.sh på Tue Feb 28 11:45:01 CET 2023
Fullførte status_scriptet.sh på Tue Feb 28 12:00:01 CET 2023
Fullførte status_scriptet.sh på Tue Feb 28 12:15:01 CET 2023
Fullførte status_scriptet.sh på Tue Feb 28 12:30:01 CET 2023
Fullførte status_scriptet.sh på Tue Feb 28 12:45:01 CET 2023
Fullførte status_scriptet.sh på Tue Feb 28 13:00:02 CET 2023
Fullførte status_scriptet.sh på Tue Feb 28 13:15:01 CET 2023
Fullførte status_scriptet.sh på Tue Feb 28 13:30:01 CET 2023
Fullførte status_scriptet.sh på Tue Feb 28 13:45:01 CET 2023
Fullførte status_scriptet.sh på Tue Feb 28 14:00:01 CET 2023
Fullførte status_scriptet.sh på Tue Feb 28 14:15:01 CET 2023
Fullførte status_scriptet.sh på Tue Feb 28 14:30:01 CET 2023
Fullførte status_scriptet.sh på Tue Feb 28 14:45:02 CET 2023
Fullførte status_scriptet.sh på Tue Feb 28 15:00:01 CET 2023
Fullførte status_scriptet.sh på Tue Feb 28 15:15:01 CET 2023
Fullførte status_scriptet.sh på Tue Feb 28 15:30:01 CET 2023
Fullførte status_scriptet.sh på Tue Feb 28 15:45:01 CET 2023
Fullførte status_scriptet.sh på Tue Feb 28 16:00:01 CET 2023
Fullførte status_scriptet.sh på Tue Feb 28 16:15:01 CET 2023
Fullførte status_scriptet.sh på Tue Feb 28 16:30:01 CET 2023
Fullførte status_scriptet.sh på Tue Feb 28 16:45:01 CET 2023
Fullførte status_scriptet.sh på Tue Feb 28 17:00:01 CET 2023
Fullførte status_scriptet.sh på Tue Feb 28 17:15:01 CET 2023
Fullførte status_scriptet.sh på Tue Feb 28 17:30:01 CET 2023
Fullførte status_scriptet.sh på Tue Feb 28 17:45:01 CET 2023
Fullførte status_scriptet.sh på Tue Feb 28 18:00:01 CET 2023
Fullførte status_scriptet.sh på Tue Feb 28 18:15:01 CET 2023
Fullførte status_scriptet.sh på Tue Feb 28 18:30:01 CET 2023
Fullførte status_scriptet.sh på Tue Feb 28 18:45:01 CET 2023
Fullførte status_scriptet.sh på Tue Feb 28 19:00:01 CET 2023
Fullførte status_scriptet.sh på Tue Feb 28 19:15:01 CET 2023
Fullførte status_scriptet.sh på Tue Feb 28 19:30:01 CET 2023
Fullførte status_scriptet.sh på Tue Feb 28 19:45:01 CET 2023
Fullførte status_scriptet.sh på Tue Feb 28 20:00:01 CET 2023
Fullførte status_scriptet.sh på Tue Feb 28 20:15:01 CET 2023
Fullførte status_scriptet.sh på Tue Feb 28 20:30:01 CET 2023
Fullførte status_scriptet.sh på Tue Feb 28 20:45:01 CET 2023
Fullførte status_scriptet.sh på Tue Feb 28 21:00:01 CET 2023
Fullførte status_scriptet.sh på Tue Feb 28 21:15:01 CET 2023
Fullførte status_scriptet.sh på Tue Feb 28 21:30:01 CET 2023
Fullførte status_scriptet.sh på Tue Feb 28 21:45:01 CET 2023
Fullførte status_scriptet.sh på Tue Feb 28 22:00:01 CET 2023
Fullførte status_scriptet.sh på Tue Feb 28 22:15:01 CET 2023
Fullførte status_scriptet.sh på Tue Feb 28 22:30:01 CET 2023
Fullførte status_scriptet.sh på Tue Feb 28 22:45:01 CET 2023
Fullførte status_scriptet.sh på Tue Feb 28 23:00:01 CET 2023
Fullførte status_scriptet.sh på Tue Feb 28 23:15:01 CET 2023
Fullførte status_scriptet.sh på Tue Feb 28 23:30:01 CET 2023
Fullførte status_scriptet.sh på Tue Feb 28 23:45:01 CET 2023
Fullførte status_scriptet.sh på Wed Mar  1 00:00:01 CET 2023
Fullførte status_scriptet.sh på Wed Mar  1 00:15:02 CET 2023
Fullførte status_scriptet.sh på Wed Mar  1 00:30:01 CET 2023
Fullførte status_scriptet.sh på Wed Mar  1 00:45:01 CET 2023
Fullførte status_scriptet.sh på Wed Mar  1 01:00:01 CET 2023
Fullførte status_scriptet.sh på Wed Mar  1 01:15:01 CET 2023
Fullførte status_scriptet.sh på Wed Mar  1 01:30:01 CET 2023
Fullførte status_scriptet.sh på Wed Mar  1 01:45:01 CET 2023
Fullførte status_scriptet.sh på Wed Mar  1 02:00:01 CET 2023
Fullførte status_scriptet.sh på Wed Mar  1 02:15:01 CET 2023
Fullførte status_scriptet.sh på Wed Mar  1 02:30:01 CET 2023
Fullførte status_scriptet.sh på Wed Mar  1 02:45:01 CET 2023
Fullførte status_scriptet.sh på Wed Mar  1 03:00:01 CET 2023
Fullførte status_scriptet.sh på Wed Mar  1 03:15:01 CET 2023
Fullførte status_scriptet.sh på Wed Mar  1 03:30:01 CET 2023
Fullførte status_scriptet.sh på Wed Mar  1 03:45:01 CET 2023
Fullførte status_scriptet.sh på Wed Mar  1 04:00:01 CET 2023
Fullførte status_scriptet.sh på Wed Mar  1 04:15:01 CET 2023
Fullførte status_scriptet.sh på Wed Mar  1 04:30:01 CET 2023
Fullførte status_scriptet.sh på Wed Mar  1 04:45:01 CET 2023
Fullførte status_scriptet.sh på Wed Mar  1 05:00:01 CET 2023
Fullførte status_scriptet.sh på Wed Mar  1 05:15:02 CET 2023
Fullførte status_scriptet.sh på Wed Mar  1 05:30:01 CET 2023
Fullførte status_scriptet.sh på Wed Mar  1 05:45:01 CET 2023
Fullførte status_scriptet.sh på Wed Mar  1 06:00:01 CET 2023
Fullførte status_scriptet.sh på Wed Mar  1 06:15:01 CET 2023
Fullførte status_scriptet.sh på Wed Mar  1 06:30:02 CET 2023
Fullførte status_scriptet.sh på Wed Mar  1 06:45:01 CET 2023
Fullførte status_scriptet.sh på Wed Mar  1 07:00:01 CET 2023
Fullførte status_scriptet.sh på Wed Mar  1 07:15:02 CET 2023
Fullførte status_scriptet.sh på Wed Mar  1 07:30:01 CET 2023
Fullførte status_scriptet.sh på Wed Mar  1 07:45:01 CET 2023
Fullførte status_scriptet.sh på Wed Mar  1 08:00:01 CET 2023
Fullførte status_scriptet.sh på Wed Mar  1 08:15:01 CET 2023
Fullførte status_scriptet.sh på Wed Mar  1 08:30:01 CET 2023
Fullførte status_scriptet.sh på Wed Mar  1 08:45:01 CET 2023
Fullførte status_scriptet.sh på Wed Mar  1 09:00:01 CET 2023
Fullførte status_scriptet.sh på Wed Mar  1 09:15:01 CET 2023
Fullførte status_scriptet.sh på Wed Mar  1 09:30:01 CET 2023
Fullførte status_scriptet.sh på Wed Mar  1 09:45:01 CET 2023
Fullførte status_scriptet.sh på Wed Mar  1 10:00:01 CET 2023
Fullførte status_scriptet.sh på Wed Mar  1 10:15:01 CET 2023
Fullførte status_scriptet.sh på Wed Mar  1 10:30:01 CET 2023
Fullførte status_scriptet.sh på Wed Mar  1 10:45:01 CET 2023
Fullførte status_scriptet.sh på Wed Mar  1 11:00:01 CET 2023
Fullførte status_scriptet.sh på Wed Mar  1 11:15:01 CET 2023
Fullførte status_scriptet.sh på Wed Mar  1 11:30:01 CET 2023
Fullførte status_scriptet.sh på Wed Mar  1 11:45:01 CET 2023
Fullførte status_scriptet.sh på Wed Mar  1 12:00:01 CET 2023
Fullførte status_scriptet.sh på Wed Mar  1 12:15:01 CET 2023
Fullførte status_scriptet.sh på Wed Mar  1 12:30:01 CET 2023
Fullførte status_scriptet.sh på Wed Mar  1 12:45:01 CET 2023
Fullførte status_scriptet.sh på Wed Mar  1 13:00:01 CET 2023
Fullførte status_scriptet.sh på Wed Mar  1 13:15:01 CET 2023
Fullførte status_scriptet.sh på Wed Mar  1 13:30:01 CET 2023
Fullførte status_scriptet.sh på Wed Mar  1 13:45:01 CET 2023
Fullførte status_scriptet.sh på Wed Mar  1 14:00:01 CET 2023
Fullførte status_scriptet.sh på Wed Mar  1 14:15:01 CET 2023
Fullførte status_scriptet.sh på Wed Mar  1 14:30:01 CET 2023
Fullførte status_scriptet.sh på Wed Mar  1 14:45:01 CET 2023
Fullførte status_scriptet.sh på Wed Mar  1 15:00:01 CET 2023
Fullførte status_scriptet.sh på Wed Mar  1 15:15:01 CET 2023
Fullførte status_scriptet.sh på Wed Mar  1 15:30:01 CET 2023
Fullførte status_scriptet.sh på Wed Mar  1 15:45:01 CET 2023
Fullførte status_scriptet.sh på Wed Mar  1 16:00:01 CET 2023
Fullførte status_scriptet.sh på Wed Mar  1 16:15:01 CET 2023
Fullførte status_scriptet.sh på Wed Mar  1 16:30:01 CET 2023
Fullførte status_scriptet.sh på Wed Mar  1 16:45:01 CET 2023
Fullførte status_scriptet.sh på Wed Mar  1 17:00:01 CET 2023
Fullførte status_scriptet.sh på Wed Mar  1 17:15:01 CET 2023
Fullførte status_scriptet.sh på Wed Mar  1 17:30:01 CET 2023
Fullførte status_scriptet.sh på Wed Mar  1 17:45:01 CET 2023
Fullførte status_scriptet.sh på Wed Mar  1 18:00:01 CET 2023
Fullførte status_scriptet.sh på Wed Mar  1 18:15:01 CET 2023
Fullførte status_scriptet.sh på Wed Mar  1 18:30:01 CET 2023
Fullførte status_scriptet.sh på Wed Mar  1 18:45:01 CET 2023
Fullførte status_scriptet.sh på Wed Mar  1 19:00:01 CET 2023
Fullførte status_scriptet.sh på Wed Mar  1 19:15:01 CET 2023
Fullførte status_scriptet.sh på Wed Mar  1 19:30:01 CET 2023
Fullførte status_scriptet.sh på Wed Mar  1 19:45:01 CET 2023
Fullførte status_scriptet.sh på Wed Mar  1 20:00:01 CET 2023
Fullførte status_scriptet.sh på Wed Mar  1 20:15:02 CET 2023
Fullførte status_scriptet.sh på Wed Mar  1 20:30:01 CET 2023
Fullførte status_scriptet.sh på Wed Mar  1 20:45:01 CET 2023
Fullførte status_scriptet.sh på Wed Mar  1 21:00:01 CET 2023
Fullførte status_scriptet.sh på Wed Mar  1 21:15:01 CET 2023
Fullførte status_scriptet.sh på Wed Mar  1 21:30:01 CET 2023
Fullførte status_scriptet.sh på Wed Mar  1 21:45:01 CET 2023
Fullførte status_scriptet.sh på Wed Mar  1 22:00:01 CET 2023
Fullførte status_scriptet.sh på Wed Mar  1 22:15:01 CET 2023
Fullførte status_scriptet.sh på Wed Mar  1 22:30:01 CET 2023
Fullførte status_scriptet.sh på Wed Mar  1 22:45:01 CET 2023
Fullførte status_scriptet.sh på Wed Mar  1 23:00:01 CET 2023
Fullførte status_scriptet.sh på Wed Mar  1 23:15:01 CET 2023
Fullførte status_scriptet.sh på Wed Mar  1 23:30:01 CET 2023
Fullførte status_scriptet.sh på Wed Mar  1 23:45:01 CET 2023
Fullførte status_scriptet.sh på Thu Mar  2 00:00:02 CET 2023
Fullførte status_scriptet.sh på Thu Mar  2 00:15:01 CET 2023
Fullførte status_scriptet.sh på Thu Mar  2 00:30:01 CET 2023
Fullførte status_scriptet.sh på Thu Mar  2 00:45:01 CET 2023
Fullførte status_scriptet.sh på Thu Mar  2 01:00:01 CET 2023
Fullførte status_scriptet.sh på Thu Mar  2 01:15:01 CET 2023
Fullførte status_scriptet.sh på Thu Mar  2 01:30:01 CET 2023
Fullførte status_scriptet.sh på Thu Mar  2 01:45:01 CET 2023
Fullførte status_scriptet.sh på Thu Mar  2 02:00:01 CET 2023
Fullførte status_scriptet.sh på Thu Mar  2 02:15:01 CET 2023
Fullførte status_scriptet.sh på Thu Mar  2 02:30:02 CET 2023
Fullførte status_scriptet.sh på Thu Mar  2 02:45:01 CET 2023
Fullførte status_scriptet.sh på Thu Mar  2 03:00:01 CET 2023
Fullførte status_scriptet.sh på Thu Mar  2 03:15:01 CET 2023
Fullførte status_scriptet.sh på Thu Mar  2 03:30:01 CET 2023
Fullførte status_scriptet.sh på Thu Mar  2 03:45:01 CET 2023
Fullførte status_scriptet.sh på Thu Mar  2 04:00:01 CET 2023
Fullførte status_scriptet.sh på Thu Mar  2 04:15:01 CET 2023
Fullførte status_scriptet.sh på Thu Mar  2 04:30:01 CET 2023
Fullførte status_scriptet.sh på Thu Mar  2 04:45:01 CET 2023
Fullførte status_scriptet.sh på Thu Mar  2 05:00:01 CET 2023
Fullførte status_scriptet.sh på Thu Mar  2 05:15:01 CET 2023
Fullførte status_scriptet.sh på Thu Mar  2 05:30:01 CET 2023
Fullførte status_scriptet.sh på Thu Mar  2 05:45:01 CET 2023
Fullførte status_scriptet.sh på Thu Mar  2 06:00:01 CET 2023
Fullførte status_scriptet.sh på Thu Mar  2 06:15:01 CET 2023
Fullførte status_scriptet.sh på Thu Mar  2 06:30:01 CET 2023
Fullførte status_scriptet.sh på Thu Mar  2 06:45:01 CET 2023
Fullførte status_scriptet.sh på Thu Mar  2 07:00:01 CET 2023
Fullførte status_scriptet.sh på Thu Mar  2 07:15:01 CET 2023
Fullførte status_scriptet.sh på Thu Mar  2 07:30:01 CET 2023
Fullførte status_scriptet.sh på Thu Mar  2 07:45:01 CET 2023
Fullførte status_scriptet.sh på Thu Mar  2 08:00:01 CET 2023
Fullførte status_scriptet.sh på Thu Mar  2 08:15:01 CET 2023
Fullførte status_scriptet.sh på Thu Mar  2 08:30:01 CET 2023
Fullførte status_scriptet.sh på Thu Mar  2 08:45:01 CET 2023
Fullførte status_scriptet.sh på Thu Mar  2 09:00:01 CET 2023
Fullførte status_scriptet.sh på Thu Mar  2 09:15:01 CET 2023
Fullførte status_scriptet.sh på Thu Mar  2 09:30:01 CET 2023
Fullførte status_scriptet.sh på Thu Mar  2 09:45:01 CET 2023
Fullførte status_scriptet.sh på Thu Mar  2 10:00:01 CET 2023
Fullførte status_scriptet.sh på Thu Mar  2 10:15:01 CET 2023
Fullførte status_scriptet.sh på Thu Mar  2 10:30:01 CET 2023
Fullførte status_scriptet.sh på Thu Mar  2 10:45:01 CET 2023
Fullførte status_scriptet.sh på Thu Mar  2 11:00:01 CET 2023
Fullførte status_scriptet.sh på Thu Mar  2 11:15:01 CET 2023
Fullførte status_scriptet.sh på Thu Mar  2 11:30:01 CET 2023
Fullførte status_scriptet.sh på Thu Mar  2 11:45:01 CET 2023
Fullførte status_scriptet.sh på Thu Mar  2 12:00:01 CET 2023
Fullførte status_scriptet.sh på Thu Mar  2 12:15:01 CET 2023
Fullførte status_scriptet.sh på Thu Mar  2 12:30:01 CET 2023
Fullførte status_scriptet.sh på Thu Mar  2 12:45:01 CET 2023
Fullførte status_scriptet.sh på Thu Mar  2 13:00:01 CET 2023
Fullførte status_scriptet.sh på Thu Mar  2 13:15:01 CET 2023
Fullførte status_scriptet.sh på Thu Mar  2 13:30:01 CET 2023
Fullførte status_scriptet.sh på Thu Mar  2 13:45:01 CET 2023
Fullførte status_scriptet.sh på Thu Mar  2 14:00:01 CET 2023
Fullførte status_scriptet.sh på Thu Mar  2 14:15:01 CET 2023
Fullførte status_scriptet.sh på Thu Mar  2 14:30:01 CET 2023
Fullførte status_scriptet.sh på Thu Mar  2 14:45:01 CET 2023
Fullførte status_scriptet.sh på Thu Mar  2 15:00:01 CET 2023
Fullførte status_scriptet.sh på Thu Mar  2 15:15:01 CET 2023
Fullførte status_scriptet.sh på Thu Mar  2 15:30:01 CET 2023
Fullførte status_scriptet.sh på Thu Mar  2 15:45:01 CET 2023
Fullførte status_scriptet.sh på Thu Mar  2 16:00:01 CET 2023
Fullførte status_scriptet.sh på Thu Mar  2 16:15:01 CET 2023
Fullførte status_scriptet.sh på Thu Mar  2 16:30:01 CET 2023
Fullførte status_scriptet.sh på Thu Mar  2 16:45:01 CET 2023
Fullførte status_scriptet.sh på Thu Mar  2 17:00:01 CET 2023
Fullførte status_scriptet.sh på Thu Mar  2 17:15:01 CET 2023
Fullførte status_scriptet.sh på Thu Mar  2 17:30:01 CET 2023
Fullførte status_scriptet.sh på Thu Mar  2 17:45:01 CET 2023
Fullførte status_scriptet.sh på Thu Mar  2 18:00:01 CET 2023
Fullførte status_scriptet.sh på Thu Mar  2 18:15:01 CET 2023
Fullførte status_scriptet.sh på Thu Mar  2 18:30:01 CET 2023
Fullførte status_scriptet.sh på Thu Mar  2 18:45:01 CET 2023
Fullførte status_scriptet.sh på Thu Mar  2 19:00:01 CET 2023
Fullførte status_scriptet.sh på Thu Mar  2 19:15:01 CET 2023
Fullførte status_scriptet.sh på Thu Mar  2 19:30:01 CET 2023
Fullførte status_scriptet.sh på Thu Mar  2 19:45:01 CET 2023
Fullførte status_scriptet.sh på Thu Mar  2 20:00:01 CET 2023
Fullførte status_scriptet.sh på Thu Mar  2 20:15:01 CET 2023
Fullførte status_scriptet.sh på Thu Mar  2 20:30:01 CET 2023
Fullførte status_scriptet.sh på Thu Mar  2 20:45:01 CET 2023
Fullførte status_scriptet.sh på Thu Mar  2 21:00:01 CET 2023
Fullførte status_scriptet.sh på Thu Mar  2 21:15:01 CET 2023
Fullførte status_scriptet.sh på Thu Mar  2 21:30:01 CET 2023
Fullførte status_scriptet.sh på Thu Mar  2 21:45:01 CET 2023
Fullførte status_scriptet.sh på Thu Mar  2 22:00:01 CET 2023
Fullførte status_scriptet.sh på Thu Mar  2 22:15:01 CET 2023
Fullførte status_scriptet.sh på Thu Mar  2 22:30:01 CET 2023
Fullførte status_scriptet.sh på Thu Mar  2 22:45:01 CET 2023
Fullførte status_scriptet.sh på Thu Mar  2 23:00:01 CET 2023
Fullførte status_scriptet.sh på Thu Mar  2 23:15:01 CET 2023
Fullførte status_scriptet.sh på Thu Mar  2 23:30:01 CET 2023
Fullførte status_scriptet.sh på Thu Mar  2 23:45:01 CET 2023
Fullførte status_scriptet.sh på Fri Mar  3 00:00:01 CET 2023
Fullførte status_scriptet.sh på Fri Mar  3 00:15:01 CET 2023
Fullførte status_scriptet.sh på Fri Mar  3 00:30:01 CET 2023
Fullførte status_scriptet.sh på Fri Mar  3 00:45:01 CET 2023
Fullførte status_scriptet.sh på Fri Mar  3 01:00:01 CET 2023
Fullførte status_scriptet.sh på Fri Mar  3 01:15:01 CET 2023
Fullførte status_scriptet.sh på Fri Mar  3 01:30:01 CET 2023
Fullførte status_scriptet.sh på Fri Mar  3 01:45:01 CET 2023
Fullførte status_scriptet.sh på Fri Mar  3 02:00:02 CET 2023
Fullførte status_scriptet.sh på Fri Mar  3 02:15:01 CET 2023
Fullførte status_scriptet.sh på Fri Mar  3 02:30:01 CET 2023
Fullførte status_scriptet.sh på Fri Mar  3 02:45:01 CET 2023
Fullførte status_scriptet.sh på Fri Mar  3 03:00:01 CET 2023
Fullførte status_scriptet.sh på Fri Mar  3 03:15:01 CET 2023
Fullførte status_scriptet.sh på Fri Mar  3 03:30:01 CET 2023
Fullførte status_scriptet.sh på Fri Mar  3 03:45:01 CET 2023
Fullførte status_scriptet.sh på Fri Mar  3 04:00:01 CET 2023
Fullførte status_scriptet.sh på Fri Mar  3 04:15:01 CET 2023
Fullførte status_scriptet.sh på Fri Mar  3 04:30:01 CET 2023
Fullførte status_scriptet.sh på Fri Mar  3 04:45:01 CET 2023
Fullførte status_scriptet.sh på Fri Mar  3 05:00:01 CET 2023
Fullførte status_scriptet.sh på Fri Mar  3 05:15:01 CET 2023
Fullførte status_scriptet.sh på Fri Mar  3 05:30:01 CET 2023
Fullførte status_scriptet.sh på Fri Mar  3 05:45:01 CET 2023
Fullførte status_scriptet.sh på Fri Mar  3 06:00:01 CET 2023
Fullførte status_scriptet.sh på Fri Mar  3 06:15:01 CET 2023
Fullførte status_scriptet.sh på Fri Mar  3 06:30:01 CET 2023
Fullførte status_scriptet.sh på Fri Mar  3 06:45:01 CET 2023
Fullførte status_scriptet.sh på Fri Mar  3 07:00:01 CET 2023
Fullførte status_scriptet.sh på Fri Mar  3 07:15:01 CET 2023
Fullførte status_scriptet.sh på Fri Mar  3 07:30:01 CET 2023
Fullførte status_scriptet.sh på Fri Mar  3 07:45:01 CET 2023
Fullførte status_scriptet.sh på Fri Mar  3 08:00:01 CET 2023
Fullførte status_scriptet.sh på Fri Mar  3 08:15:01 CET 2023
Fullførte status_scriptet.sh på Fri Mar  3 08:30:01 CET 2023
Fullførte status_scriptet.sh på Fri Mar  3 08:45:01 CET 2023
Fullførte status_scriptet.sh på Fri Mar  3 09:00:01 CET 2023
Fullførte status_scriptet.sh på Fri Mar  3 09:15:01 CET 2023
server3: Status nå er = SHUTOFF Tid: Fri Mar  3 09:28:13 CET 2023
Forsøkte å starte server3: Status nå er = ACTIVE Tid: Fri Mar  3 09:28:13 CET 2023
server2: Status nå er = SHUTOFF Tid: Fri Mar  3 09:28:13 CET 2023
Forsøkte å starte server2: Status nå er = ACTIVE Tid: Fri Mar  3 09:28:13 CET 2023
server1: Status nå er = SHUTOFF Tid: Fri Mar  3 09:28:13 CET 2023
Forsøkte å starte server1: Status nå er = ACTIVE Tid: Fri Mar  3 09:28:13 CET 2023
backup: Status nå er = SHUTOFF Tid: Fri Mar  3 09:28:13 CET 2023
Forsøkte å starte backup: Status nå er = ACTIVE Tid: Fri Mar  3 09:28:13 CET 2023
dockerV2: Status nå er = SHUTOFF Tid: Fri Mar  3 09:28:13 CET 2023
Forsøkte å starte dockerV2: Status nå er = ACTIVE Tid: Fri Mar  3 09:28:13 CET 2023
memory cache: Status nå er = SHUTOFF Tid: Fri Mar  3 09:28:13 CET 2023
Fullførte status_scriptet.sh på Fri Mar  3 09:30:01 CET 2023
memory_cache: Status nå er = SHUTOFF Tid: Fri Mar  3 09:32:38 CET 2023
Forsøkte å starte memory_cache: Status nå er = ACTIVE Tid: Fri Mar  3 09:32:38 CET 2023
db1: Status nå er = SHUTOFF Tid: Fri Mar  3 09:32:38 CET 2023
Forsøkte å starte db1: Status nå er = ACTIVE Tid: Fri Mar  3 09:32:38 CET 2023
balancer: Status nå er = SHUTOFF Tid: Fri Mar  3 09:32:38 CET 2023
Forsøkte å starte balancer: Status nå er = ACTIVE Tid: Fri Mar  3 09:32:38 CET 2023
Fullførte status_scriptet.sh på Fri Mar  3 09:32:38 CET 2023
Fullførte status_scriptet.sh på Fri Mar  3 09:45:01 CET 2023
